Solid Edge in STEP konvertieren
Datum: Montag,Juni 23,2025 02:00
Ausgabedatei: C:\Users\julia\OneDrive\Desktop\6_Semster\Projekt\Adapterplatte_Porsche.stp
Autor: Unknown
Organisation: Unknown
Ausgangssystem: Solid Edge

Hardware:
Prozessor: 11th Gen Intel(R) Core(TM) i7-1165G7 @ 2.80GHz
Betriebssystem: Windows 11 Version:24H2 Build:26100 System Type:64-bit
Installierter Speicher: 15.68 GB

Software-Informationen
Parasolid-Version: 35.0.149
PSBodyShop-Version: 35.0.82
Step-Adapterversion: 11.0.82
Solid Edge-Version: 223.00.00.101 x64

STEP-Exportoptionen
Exportformat: AP214
Konstruktionsbleche exportieren: Aus
Konstruktionsvolumen exportieren: Aus
Konstruktionsdrähte exportieren: Aus
Nur angezeigte Teile exportieren: Aus
Einheiten: Millimeters
Namen von Teilkomponenten exportieren als Unicode: Aus
PMI exportieren: Aus

Phase 1 von 1 - Parasolid in Fremddatentypen konvertieren...
Konvertierungsvorgang ist abgeschlossen
Zum Übersetzen benötigte Zeit:00 : 00 : 01
